<?xml version="1.0" encoding="UTF-8"?>
<testng-results skipped="0" failed="0" ignored="0" total="0" passed="0">
  <reporter-output>
  </reporter-output>
  <suite name="8PMproject" duration-ms="3" started-at="2021-03-04T17:58:26Z" finished-at="2021-03-04T17:58:26Z">
    <groups>
    </groups>
    <test name="Selenium scripts" duration-ms="3" started-at="2021-03-04T17:58:26Z" finished-at="2021-03-04T17:58:26Z">
    </test> <!-- Selenium scripts -->
  </suite> <!-- 8PMproject -->
</testng-results>
